Building DAG of jobs...
Using shell: /usr/bin/bash
Provided cores: 32
Rules claiming more threads will be scaled down.
Job stats:
job      count
-----  -------
all          1
star         3
total        4

Select jobs to execute...
Execute 3 jobs...

[Sun Feb 11 12:38:00 2024]
localrule star:
    input: samples/Sample_Fastq/ADrep1subsample_R1.fastq.gz, samples/m39_subset_star
    output: results/BAMResults/ADrep1subsample_R1.Aligned.out.bam
    jobid: 1
    reason: Missing output files: results/BAMResults/ADrep1subsample_R1.Aligned.out.bam
    wildcards: sample=ADrep1subsample_R1
    resources: tmpdir=/scratch/4450995.1.academic-gpu


[Sun Feb 11 12:38:00 2024]
localrule star:
    input: samples/Sample_Fastq/ADrep1subsample_R2.fastq.gz, samples/m39_subset_star
    output: results/BAMResults/ADrep1subsample_R2.Aligned.out.bam
    jobid: 2
    reason: Missing output files: results/BAMResults/ADrep1subsample_R2.Aligned.out.bam
    wildcards: sample=ADrep1subsample_R2
    resources: tmpdir=/scratch/4450995.1.academic-gpu


[Sun Feb 11 12:38:00 2024]
localrule star:
    input: samples/Sample_Fastq/P0rep1subsample_R2.fastq.gz, samples/m39_subset_star
    output: results/BAMResults/P0rep1subsample_R2.Aligned.out.bam
    jobid: 3
    reason: Missing output files: results/BAMResults/P0rep1subsample_R2.Aligned.out.bam
    wildcards: sample=P0rep1subsample_R2
    resources: tmpdir=/scratch/4450995.1.academic-gpu

[Sun Feb 11 12:38:00 2024]
Error in rule star:
    jobid: 1
    input: samples/Sample_Fastq/ADrep1subsample_R1.fastq.gz, samples/m39_subset_star
    output: results/BAMResults/ADrep1subsample_R1.Aligned.out.bam
    shell:
        
		STAR --genomeDir samples/m39_subset_star/ --readFilesCommand zcat --readFilesIn samples/Sample_Fastq/ADrep1subsample_R1.fastq.gz  --outSAMtype BAM Unsorted --outFileNamePrefix results/BAMResults/
		
        (one of the commands exited with non-zero exit code; note that snakemake uses bash strict mode!)

[Sun Feb 11 12:38:01 2024]
[Sun Feb 11 12:38:01 2024]
Error in rule star:
    jobid: 3
    input: samples/Sample_Fastq/P0rep1subsample_R2.fastq.gz, samples/m39_subset_star
    output: results/BAMResults/P0rep1subsample_R2.Aligned.out.bam
    shell:
        
		STAR --genomeDir samples/m39_subset_star/ --readFilesCommand zcat --readFilesIn samples/Sample_Fastq/P0rep1subsample_R2.fastq.gz  --outSAMtype BAM Unsorted --outFileNamePrefix results/BAMResults/
		
        (one of the commands exited with non-zero exit code; note that snakemake uses bash strict mode!)

Error in rule star:
    jobid: 2
    input: samples/Sample_Fastq/ADrep1subsample_R2.fastq.gz, samples/m39_subset_star
    output: results/BAMResults/ADrep1subsample_R2.Aligned.out.bam
    shell:
        
		STAR --genomeDir samples/m39_subset_star/ --readFilesCommand zcat --readFilesIn samples/Sample_Fastq/ADrep1subsample_R2.fastq.gz  --outSAMtype BAM Unsorted --outFileNamePrefix results/BAMResults/
		
        (one of the commands exited with non-zero exit code; note that snakemake uses bash strict mode!)

Shutting down, this might take some time.
Exiting because a job execution failed. Look above for error message
Complete log: .snakemake/log/2024-02-11T123800.257953.snakemake.log
WorkflowError:
At least one job did not complete successfully.
