Building DAG of jobs...
Using shell: /usr/bin/bash
Provided cores: 32
Rules claiming more threads will be scaled down.
Job stats:
job          count
---------  -------
all              1
concat_df        1
total            2

Select jobs to execute...
Execute 1 jobs...

[Fri Feb 23 21:17:45 2024]
localrule concat_df:
    input: results/ADrep1subsample.exon.txt, results/ADrep2subsample.exon.txt, results/P0rep1subsample.exon.txt, results/P0rep2subsample.exon.txt, results/P4rep1subsample.exon.txt, results/P4rep2subsample.exon.txt, results/P7rep1subsample.exon.txt, results/P7rep2subsample.exon.txt
    output: results/matrix.csv
    jobid: 9
    reason: Missing output files: results/matrix.csv
    resources: tmpdir=/scratch/4801441.1.academic-gpu


    python concat_df.py -i results/ADrep1subsample.exon.txt results/ADrep2subsample.exon.txt results/P0rep1subsample.exon.txt results/P0rep2subsample.exon.txt results/P4rep1subsample.exon.txt results/P4rep2subsample.exon.txt results/P7rep1subsample.exon.txt results/P7rep2subsample.exon.txt -o results/matrix.csv
    
[Fri Feb 23 21:17:45 2024]
Error in rule concat_df:
    jobid: 9
    input: results/ADrep1subsample.exon.txt, results/ADrep2subsample.exon.txt, results/P0rep1subsample.exon.txt, results/P0rep2subsample.exon.txt, results/P4rep1subsample.exon.txt, results/P4rep2subsample.exon.txt, results/P7rep1subsample.exon.txt, results/P7rep2subsample.exon.txt
    output: results/matrix.csv
    shell:
        
    python concat_df.py -i results/ADrep1subsample.exon.txt results/ADrep2subsample.exon.txt results/P0rep1subsample.exon.txt results/P0rep2subsample.exon.txt results/P4rep1subsample.exon.txt results/P4rep2subsample.exon.txt results/P7rep1subsample.exon.txt results/P7rep2subsample.exon.txt -o results/matrix.csv
    
        (one of the commands exited with non-zero exit code; note that snakemake uses bash strict mode!)

Shutting down, this might take some time.
Exiting because a job execution failed. Look above for error message
Complete log: .snakemake/log/2024-02-23T211744.139815.snakemake.log
WorkflowError:
At least one job did not complete successfully.
