Building DAG of jobs...
Using shell: /usr/bin/bash
Provided cores: 32
Rules claiming more threads will be scaled down.
Job stats:
job        count
-------  -------
all            1
get_m39        1
total          2

Select jobs to execute...
Execute 1 jobs...

[Sun Feb 11 21:26:28 2024]
localrule get_m39:
    output: results/GRCm39.fa.gz
    jobid: 17
    reason: Params have changed since last execution
    resources: tmpdir=/scratch/4452424.1.academic-gpu

[Sun Feb 11 21:45:15 2024]
Finished job 17.
1 of 2 steps (50%) done
Select jobs to execute...
Execute 1 jobs...

[Sun Feb 11 21:45:15 2024]
localrule all:
    input: results/ADrep1subsample_R1Aligned.out.bam, results/ADrep1subsample_R2Aligned.out.bam, results/ADrep2subsample_R1Aligned.out.bam, results/ADrep2subsample_R2Aligned.out.bam, results/P0rep1subsample_R1Aligned.out.bam, results/P0rep1subsample_R2Aligned.out.bam, results/P0rep2subsample_R1Aligned.out.bam, results/P0rep2subsample_R2Aligned.out.bam, results/P4rep1subsample_R1Aligned.out.bam, results/P4rep1subsample_R2Aligned.out.bam, results/P4rep2subsample_R1Aligned.out.bam, results/P4rep2subsample_R2Aligned.out.bam, results/P7rep1subsample_R1Aligned.out.bam, results/P7rep1subsample_R2Aligned.out.bam, results/P7rep2subsample_R1Aligned.out.bam, results/P7rep2subsample_R2Aligned.out.bam, results/GRCm39.fa.gz, results/m39_GA.gtf, results/ADrep1subsample_R1.txt, results/ADrep1subsample_R2.txt, results/ADrep2subsample_R1.txt, results/ADrep2subsample_R2.txt, results/P0rep1subsample_R1.txt, results/P0rep1subsample_R2.txt, results/P0rep2subsample_R1.txt, results/P0rep2subsample_R2.txt, results/P4rep1subsample_R1.txt, results/P4rep1subsample_R2.txt, results/P4rep2subsample_R1.txt, results/P4rep2subsample_R2.txt, results/P7rep1subsample_R1.txt, results/P7rep1subsample_R2.txt, results/P7rep2subsample_R1.txt, results/P7rep2subsample_R2.txt
    jobid: 0
    reason: Input files updated by another job: results/GRCm39.fa.gz
    resources: tmpdir=/scratch/4452424.1.academic-gpu

[Sun Feb 11 21:45:15 2024]
Finished job 0.
2 of 2 steps (100%) done
Complete log: .snakemake/log/2024-02-11T212627.437712.snakemake.log
