Building DAG of jobs...
Using shell: /usr/bin/bash
Provided cores: 32
Rules claiming more threads will be scaled down.
Job stats:
job                  count
-----------------  -------
all                      1
samtools_flagstat        8
star                     8
total                   17

Select jobs to execute...
Execute 8 jobs...

[Wed Feb 21 16:01:20 2024]
localrule star:
    input: samples/P4rep1subsample_R1.fastq.gz, samples/P4rep1subsample_R2.fastq.gz, samples/m39_subset_star
    output: results/P4rep1subsample.Aligned.out.bam
    jobid: 5
    reason: Missing output files: results/P4rep1subsample.Aligned.out.bam
    wildcards: sample=P4rep, rep=1
    resources: tmpdir=/scratch/4631077.1.academic-gpu


		STAR --genomeDir samples/m39_subset_star --readFilesIn samples/P4rep1subsample_R1.fastq.gz samples/P4rep1subsample_R2.fastq.gz --readFilesCommand zcat --outSAMtype BAM Unsorted --outFileNamePrefix results/P4rep1subsample.
		

[Wed Feb 21 16:01:20 2024]
localrule star:
    input: samples/P7rep1subsample_R1.fastq.gz, samples/P7rep1subsample_R2.fastq.gz, samples/m39_subset_star
    output: results/P7rep1subsample.Aligned.out.bam
    jobid: 7
    reason: Missing output files: results/P7rep1subsample.Aligned.out.bam
    wildcards: sample=P7rep, rep=1
    resources: tmpdir=/scratch/4631077.1.academic-gpu


		STAR --genomeDir samples/m39_subset_star --readFilesIn samples/P7rep1subsample_R1.fastq.gz samples/P7rep1subsample_R2.fastq.gz --readFilesCommand zcat --outSAMtype BAM Unsorted --outFileNamePrefix results/P7rep1subsample.
		

[Wed Feb 21 16:01:20 2024]
localrule star:
    input: samples/ADrep1subsample_R1.fastq.gz, samples/ADrep1subsample_R2.fastq.gz, samples/m39_subset_star
    output: results/ADrep1subsample.Aligned.out.bam
    jobid: 1
    reason: Missing output files: results/ADrep1subsample.Aligned.out.bam
    wildcards: sample=ADrep, rep=1
    resources: tmpdir=/scratch/4631077.1.academic-gpu


		STAR --genomeDir samples/m39_subset_star --readFilesIn samples/ADrep1subsample_R1.fastq.gz samples/ADrep1subsample_R2.fastq.gz --readFilesCommand zcat --outSAMtype BAM Unsorted --outFileNamePrefix results/ADrep1subsample.
		

[Wed Feb 21 16:01:20 2024]
localrule star:
    input: samples/P0rep1subsample_R1.fastq.gz, samples/P0rep1subsample_R2.fastq.gz, samples/m39_subset_star
    output: results/P0rep1subsample.Aligned.out.bam
    jobid: 3
    reason: Missing output files: results/P0rep1subsample.Aligned.out.bam
    wildcards: sample=P0rep, rep=1
    resources: tmpdir=/scratch/4631077.1.academic-gpu


		STAR --genomeDir samples/m39_subset_star --readFilesIn samples/P0rep1subsample_R1.fastq.gz samples/P0rep1subsample_R2.fastq.gz --readFilesCommand zcat --outSAMtype BAM Unsorted --outFileNamePrefix results/P0rep1subsample.
		

[Wed Feb 21 16:01:20 2024]
localrule star:
    input: samples/ADrep2subsample_R1.fastq.gz, samples/ADrep2subsample_R2.fastq.gz, samples/m39_subset_star
    output: results/ADrep2subsample.Aligned.out.bam
    jobid: 2
    reason: Missing output files: results/ADrep2subsample.Aligned.out.bam
    wildcards: sample=ADrep, rep=2
    resources: tmpdir=/scratch/4631077.1.academic-gpu


		STAR --genomeDir samples/m39_subset_star --readFilesIn samples/ADrep2subsample_R1.fastq.gz samples/ADrep2subsample_R2.fastq.gz --readFilesCommand zcat --outSAMtype BAM Unsorted --outFileNamePrefix results/ADrep2subsample.
		

[Wed Feb 21 16:01:20 2024]
localrule star:
    input: samples/P0rep2subsample_R1.fastq.gz, samples/P0rep2subsample_R2.fastq.gz, samples/m39_subset_star
    output: results/P0rep2subsample.Aligned.out.bam
    jobid: 4
    reason: Missing output files: results/P0rep2subsample.Aligned.out.bam
    wildcards: sample=P0rep, rep=2
    resources: tmpdir=/scratch/4631077.1.academic-gpu


		STAR --genomeDir samples/m39_subset_star --readFilesIn samples/P0rep2subsample_R1.fastq.gz samples/P0rep2subsample_R2.fastq.gz --readFilesCommand zcat --outSAMtype BAM Unsorted --outFileNamePrefix results/P0rep2subsample.
		

[Wed Feb 21 16:01:20 2024]
localrule star:
    input: samples/P4rep2subsample_R1.fastq.gz, samples/P4rep2subsample_R2.fastq.gz, samples/m39_subset_star
    output: results/P4rep2subsample.Aligned.out.bam
    jobid: 6
    reason: Missing output files: results/P4rep2subsample.Aligned.out.bam
    wildcards: sample=P4rep, rep=2
    resources: tmpdir=/scratch/4631077.1.academic-gpu


		STAR --genomeDir samples/m39_subset_star --readFilesIn samples/P4rep2subsample_R1.fastq.gz samples/P4rep2subsample_R2.fastq.gz --readFilesCommand zcat --outSAMtype BAM Unsorted --outFileNamePrefix results/P4rep2subsample.
		

[Wed Feb 21 16:01:20 2024]
localrule star:
    input: samples/P7rep2subsample_R1.fastq.gz, samples/P7rep2subsample_R2.fastq.gz, samples/m39_subset_star
    output: results/P7rep2subsample.Aligned.out.bam
    jobid: 8
    reason: Missing output files: results/P7rep2subsample.Aligned.out.bam
    wildcards: sample=P7rep, rep=2
    resources: tmpdir=/scratch/4631077.1.academic-gpu


		STAR --genomeDir samples/m39_subset_star --readFilesIn samples/P7rep2subsample_R1.fastq.gz samples/P7rep2subsample_R2.fastq.gz --readFilesCommand zcat --outSAMtype BAM Unsorted --outFileNamePrefix results/P7rep2subsample.
		
[Wed Feb 21 16:01:23 2024]
Finished job 8.
1 of 17 steps (6%) done
Select jobs to execute...
Execute 1 jobs...

[Wed Feb 21 16:01:23 2024]
localrule samtools_flagstat:
    input: results/P7rep2subsample.Aligned.out.bam
    output: results/P7rep2subsample.txt
    jobid: 18
    reason: Missing output files: results/P7rep2subsample.txt; Input files updated by another job: results/P7rep2subsample.Aligned.out.bam
    wildcards: sample=P7rep, rep=2
    resources: tmpdir=/scratch/4631077.1.academic-gpu


		samtools flagstat results/P7rep2subsample.Aligned.out.bam > results/P7rep2subsample.txt
		
[Wed Feb 21 16:01:23 2024]
Finished job 2.
2 of 17 steps (12%) done
Select jobs to execute...
Execute 1 jobs...

[Wed Feb 21 16:01:23 2024]
localrule samtools_flagstat:
    input: results/ADrep2subsample.Aligned.out.bam
    output: results/ADrep2subsample.txt
    jobid: 12
    reason: Missing output files: results/ADrep2subsample.txt; Input files updated by another job: results/ADrep2subsample.Aligned.out.bam
    wildcards: sample=ADrep, rep=2
    resources: tmpdir=/scratch/4631077.1.academic-gpu


		samtools flagstat results/ADrep2subsample.Aligned.out.bam > results/ADrep2subsample.txt
		
[Wed Feb 21 16:01:23 2024]
Finished job 6.
3 of 17 steps (18%) done
Select jobs to execute...
Execute 1 jobs...

[Wed Feb 21 16:01:23 2024]
localrule samtools_flagstat:
    input: results/P4rep2subsample.Aligned.out.bam
    output: results/P4rep2subsample.txt
    jobid: 16
    reason: Missing output files: results/P4rep2subsample.txt; Input files updated by another job: results/P4rep2subsample.Aligned.out.bam
    wildcards: sample=P4rep, rep=2
    resources: tmpdir=/scratch/4631077.1.academic-gpu


		samtools flagstat results/P4rep2subsample.Aligned.out.bam > results/P4rep2subsample.txt
		
[Wed Feb 21 16:01:23 2024]
Finished job 4.
4 of 17 steps (24%) done
Select jobs to execute...
Execute 1 jobs...

[Wed Feb 21 16:01:23 2024]
localrule samtools_flagstat:
    input: results/P0rep2subsample.Aligned.out.bam
    output: results/P0rep2subsample.txt
    jobid: 14
    reason: Missing output files: results/P0rep2subsample.txt; Input files updated by another job: results/P0rep2subsample.Aligned.out.bam
    wildcards: sample=P0rep, rep=2
    resources: tmpdir=/scratch/4631077.1.academic-gpu


		samtools flagstat results/P0rep2subsample.Aligned.out.bam > results/P0rep2subsample.txt
		
[Wed Feb 21 16:01:23 2024]
Finished job 5.
5 of 17 steps (29%) done
Select jobs to execute...
Execute 1 jobs...

[Wed Feb 21 16:01:23 2024]
localrule samtools_flagstat:
    input: results/P4rep1subsample.Aligned.out.bam
    output: results/P4rep1subsample.txt
    jobid: 15
    reason: Missing output files: results/P4rep1subsample.txt; Input files updated by another job: results/P4rep1subsample.Aligned.out.bam
    wildcards: sample=P4rep, rep=1
    resources: tmpdir=/scratch/4631077.1.academic-gpu


		samtools flagstat results/P4rep1subsample.Aligned.out.bam > results/P4rep1subsample.txt
		
[Wed Feb 21 16:01:23 2024]
Finished job 14.
6 of 17 steps (35%) done
[Wed Feb 21 16:01:23 2024]
Finished job 12.
7 of 17 steps (41%) done
[Wed Feb 21 16:01:23 2024]
Finished job 18.
8 of 17 steps (47%) done
[Wed Feb 21 16:01:23 2024]
Finished job 16.
9 of 17 steps (53%) done
[Wed Feb 21 16:01:23 2024]
Finished job 15.
10 of 17 steps (59%) done
[Wed Feb 21 16:01:23 2024]
Finished job 7.
11 of 17 steps (65%) done
Select jobs to execute...
Execute 1 jobs...

[Wed Feb 21 16:01:23 2024]
localrule samtools_flagstat:
    input: results/P7rep1subsample.Aligned.out.bam
    output: results/P7rep1subsample.txt
    jobid: 17
    reason: Missing output files: results/P7rep1subsample.txt; Input files updated by another job: results/P7rep1subsample.Aligned.out.bam
    wildcards: sample=P7rep, rep=1
    resources: tmpdir=/scratch/4631077.1.academic-gpu


		samtools flagstat results/P7rep1subsample.Aligned.out.bam > results/P7rep1subsample.txt
		
[Wed Feb 21 16:01:23 2024]
Finished job 1.
12 of 17 steps (71%) done
Select jobs to execute...
Execute 1 jobs...

[Wed Feb 21 16:01:23 2024]
localrule samtools_flagstat:
    input: results/ADrep1subsample.Aligned.out.bam
    output: results/ADrep1subsample.txt
    jobid: 11
    reason: Missing output files: results/ADrep1subsample.txt; Input files updated by another job: results/ADrep1subsample.Aligned.out.bam
    wildcards: sample=ADrep, rep=1
    resources: tmpdir=/scratch/4631077.1.academic-gpu


		samtools flagstat results/ADrep1subsample.Aligned.out.bam > results/ADrep1subsample.txt
		
[Wed Feb 21 16:01:23 2024]
Finished job 3.
13 of 17 steps (76%) done
[Wed Feb 21 16:01:23 2024]
Finished job 17.
14 of 17 steps (82%) done
Select jobs to execute...
Execute 1 jobs...

[Wed Feb 21 16:01:23 2024]
localrule samtools_flagstat:
    input: results/P0rep1subsample.Aligned.out.bam
    output: results/P0rep1subsample.txt
    jobid: 13
    reason: Missing output files: results/P0rep1subsample.txt; Input files updated by another job: results/P0rep1subsample.Aligned.out.bam
    wildcards: sample=P0rep, rep=1
    resources: tmpdir=/scratch/4631077.1.academic-gpu


		samtools flagstat results/P0rep1subsample.Aligned.out.bam > results/P0rep1subsample.txt
		
[Wed Feb 21 16:01:23 2024]
Finished job 11.
15 of 17 steps (88%) done
[Wed Feb 21 16:01:23 2024]
Finished job 13.
16 of 17 steps (94%) done
Select jobs to execute...
Execute 1 jobs...

[Wed Feb 21 16:01:23 2024]
localrule all:
    input: results/ADrep1subsample.Aligned.out.bam, results/ADrep2subsample.Aligned.out.bam, results/P0rep1subsample.Aligned.out.bam, results/P0rep2subsample.Aligned.out.bam, results/P4rep1subsample.Aligned.out.bam, results/P4rep2subsample.Aligned.out.bam, results/P7rep1subsample.Aligned.out.bam, results/P7rep2subsample.Aligned.out.bam, results/GRCm39.fa.gz, results/m39_GA.gtf, results/ADrep1subsample.txt, results/ADrep2subsample.txt, results/P0rep1subsample.txt, results/P0rep2subsample.txt, results/P4rep1subsample.txt, results/P4rep2subsample.txt, results/P7rep1subsample.txt, results/P7rep2subsample.txt
    jobid: 0
    reason: Input files updated by another job: results/P7rep1subsample.Aligned.out.bam, results/P4rep2subsample.txt, results/P7rep1subsample.txt, results/P0rep1subsample.Aligned.out.bam, results/P7rep2subsample.txt, results/P4rep1subsample.txt, results/ADrep1subsample.Aligned.out.bam, results/P4rep2subsample.Aligned.out.bam, results/P4rep1subsample.Aligned.out.bam, results/P0rep1subsample.txt, results/P0rep2subsample.Aligned.out.bam, results/ADrep2subsample.txt, results/P0rep2subsample.txt, results/ADrep2subsample.Aligned.out.bam, results/P7rep2subsample.Aligned.out.bam, results/ADrep1subsample.txt
    resources: tmpdir=/scratch/4631077.1.academic-gpu

[Wed Feb 21 16:01:23 2024]
Finished job 0.
17 of 17 steps (100%) done
Complete log: .snakemake/log/2024-02-21T160119.584039.snakemake.log
