Building DAG of jobs...
Using shell: /usr/bin/bash
Provided cores: 32
Rules claiming more threads will be scaled down.
Job stats:
job                  count
-----------------  -------
all                      1
samtools_flagstat        1
star                     1
total                    3

Select jobs to execute...
Execute 1 jobs...

[Sat Feb 10 19:53:52 2024]
localrule star:
    input: samples/ADrep1subsample_R1.fastq.gz, samples/ADrep1subsample_R2.fastq.gz, samples/ADrep2subsample_R1.fastq.gz, samples/ADrep2subsample_R2.fastq.gz, samples/P0rep1subsample_R1.fastq.gz, samples/P0rep1subsample_R2.fastq.gz, samples/P0rep2subsample_R1.fastq.gz, samples/P0rep2subsample_R2.fastq.gz, samples/P4rep1subsample_R1.fastq.gz, samples/P4rep1subsample_R2.fastq.gz, samples/P4rep2subsample_R1.fastq.gz, samples/P4rep2subsample_R2.fastq.gz, samples/P7rep1subsample_R1.fastq.gz, samples/P7rep1subsample_R2.fastq.gz, samples/P7rep2subsample_R1.fastq.gz, samples/P7rep2subsample_R2.fastq.gz, samples/m39_subset_star
    output: results/ADrep1subsample_R1.bam, results/ADrep1subsample_R2.bam, results/ADrep2subsample_R1.bam, results/ADrep2subsample_R2.bam, results/P0rep1subsample_R1.bam, results/P0rep1subsample_R2.bam, results/P0rep2subsample_R1.bam, results/P0rep2subsample_R2.bam, results/P4rep1subsample_R1.bam, results/P4rep1subsample_R2.bam, results/P4rep2subsample_R1.bam, results/P4rep2subsample_R2.bam, results/P7rep1subsample_R1.bam, results/P7rep1subsample_R2.bam, results/P7rep2subsample_R1.bam, results/P7rep2subsample_R2.bam
    jobid: 1
    reason: Missing output files: results/P4rep1subsample_R1.bam, results/P7rep1subsample_R2.bam, results/P0rep1subsample_R1.bam, results/ADrep1subsample_R1.bam, results/P4rep1subsample_R2.bam, results/ADrep2subsample_R1.bam, results/ADrep2subsample_R2.bam, results/P7rep2subsample_R2.bam, results/P0rep2subsample_R2.bam, results/ADrep1subsample_R2.bam, results/P0rep2subsample_R1.bam, results/P7rep2subsample_R1.bam, results/P4rep2subsample_R2.bam, results/P7rep1subsample_R1.bam, results/P4rep2subsample_R1.bam, results/P0rep1subsample_R2.bam
    resources: tmpdir=/scratch/4448454.1.academic-gpu

[Sat Feb 10 19:53:52 2024]
Error in rule star:
    jobid: 1
    input: samples/ADrep1subsample_R1.fastq.gz, samples/ADrep1subsample_R2.fastq.gz, samples/ADrep2subsample_R1.fastq.gz, samples/ADrep2subsample_R2.fastq.gz, samples/P0rep1subsample_R1.fastq.gz, samples/P0rep1subsample_R2.fastq.gz, samples/P0rep2subsample_R1.fastq.gz, samples/P0rep2subsample_R2.fastq.gz, samples/P4rep1subsample_R1.fastq.gz, samples/P4rep1subsample_R2.fastq.gz, samples/P4rep2subsample_R1.fastq.gz, samples/P4rep2subsample_R2.fastq.gz, samples/P7rep1subsample_R1.fastq.gz, samples/P7rep1subsample_R2.fastq.gz, samples/P7rep2subsample_R1.fastq.gz, samples/P7rep2subsample_R2.fastq.gz, samples/m39_subset_star
    output: results/ADrep1subsample_R1.bam, results/ADrep1subsample_R2.bam, results/ADrep2subsample_R1.bam, results/ADrep2subsample_R2.bam, results/P0rep1subsample_R1.bam, results/P0rep1subsample_R2.bam, results/P0rep2subsample_R1.bam, results/P0rep2subsample_R2.bam, results/P4rep1subsample_R1.bam, results/P4rep1subsample_R2.bam, results/P4rep2subsample_R1.bam, results/P4rep2subsample_R2.bam, results/P7rep1subsample_R1.bam, results/P7rep1subsample_R2.bam, results/P7rep2subsample_R1.bam, results/P7rep2subsample_R2.bam
    shell:
        
		STAR --genomeDir samples/m39_subset_star/ --readFilesCommand zcat --readFilesIn samples/ADrep1subsample_R1.fastq.gz samples/ADrep1subsample_R2.fastq.gz samples/ADrep2subsample_R1.fastq.gz samples/ADrep2subsample_R2.fastq.gz samples/P0rep1subsample_R1.fastq.gz samples/P0rep1subsample_R2.fastq.gz samples/P0rep2subsample_R1.fastq.gz samples/P0rep2subsample_R2.fastq.gz samples/P4rep1subsample_R1.fastq.gz samples/P4rep1subsample_R2.fastq.gz samples/P4rep2subsample_R1.fastq.gz samples/P4rep2subsample_R2.fastq.gz samples/P7rep1subsample_R1.fastq.gz samples/P7rep1subsample_R2.fastq.gz samples/P7rep2subsample_R1.fastq.gz samples/P7rep2subsample_R2.fastq.gz --outSAMtype BAM Unsorted --outFileNamePrefix results/ADrep1subsample_R1.bam results/ADrep1subsample_R2.bam results/ADrep2subsample_R1.bam results/ADrep2subsample_R2.bam results/P0rep1subsample_R1.bam results/P0rep1subsample_R2.bam results/P0rep2subsample_R1.bam results/P0rep2subsample_R2.bam results/P4rep1subsample_R1.bam results/P4rep1subsample_R2.bam results/P4rep2subsample_R1.bam results/P4rep2subsample_R2.bam results/P7rep1subsample_R1.bam results/P7rep1subsample_R2.bam results/P7rep2subsample_R1.bam results/P7rep2subsample_R2.bam
		
        (one of the commands exited with non-zero exit code; note that snakemake uses bash strict mode!)

Shutting down, this might take some time.
Exiting because a job execution failed. Look above for error message
Complete log: .snakemake/log/2024-02-10T195351.499812.snakemake.log
WorkflowError:
At least one job did not complete successfully.
