Building DAG of jobs...
Using shell: /usr/bin/bash
Provided cores: 32
Rules claiming more threads will be scaled down.
Job stats:
job        count
-------  -------
all            1
fastqc         8
multiqc        1
total         10

Select jobs to execute...
Execute 8 jobs...

[Sun Feb  4 16:51:28 2024]
localrule fastqc:
    input: samples/P4rep1subsample_R1.fastq.gz
    output: results/P4rep1subsample_R1.fastqc.html
    jobid: 6
    reason: Missing output files: results/P4rep1subsample_R1.fastqc.html
    wildcards: sample=P4, number=1
    resources: tmpdir=/scratch


[Sun Feb  4 16:51:28 2024]
localrule fastqc:
    input: samples/P7rep1subsample_R1.fastq.gz
    output: results/P7rep1subsample_R1.fastqc.html
    jobid: 8
    reason: Missing output files: results/P7rep1subsample_R1.fastqc.html
    wildcards: sample=P7, number=1
    resources: tmpdir=/scratch


[Sun Feb  4 16:51:28 2024]
localrule fastqc:
    input: samples/P0rep1subsample_R1.fastq.gz
    output: results/P0rep1subsample_R1.fastqc.html
    jobid: 4
    reason: Missing output files: results/P0rep1subsample_R1.fastqc.html
    wildcards: sample=P0, number=1
    resources: tmpdir=/scratch


[Sun Feb  4 16:51:28 2024]
localrule fastqc:
    input: samples/ADrep1subsample_R1.fastq.gz
    output: results/ADrep1subsample_R1.fastqc.html
    jobid: 2
    reason: Missing output files: results/ADrep1subsample_R1.fastqc.html
    wildcards: sample=AD, number=1
    resources: tmpdir=/scratch


[Sun Feb  4 16:51:28 2024]
localrule fastqc:
    input: samples/ADrep2subsample_R2.fastq.gz
    output: results/ADrep2subsample_R2.fastqc.html
    jobid: 3
    reason: Missing output files: results/ADrep2subsample_R2.fastqc.html
    wildcards: sample=AD, number=2
    resources: tmpdir=/scratch


[Sun Feb  4 16:51:28 2024]
localrule fastqc:
    input: samples/P0rep2subsample_R2.fastq.gz
    output: results/P0rep2subsample_R2.fastqc.html
    jobid: 5
    reason: Missing output files: results/P0rep2subsample_R2.fastqc.html
    wildcards: sample=P0, number=2
    resources: tmpdir=/scratch


[Sun Feb  4 16:51:28 2024]
localrule fastqc:
    input: samples/P4rep2subsample_R2.fastq.gz
    output: results/P4rep2subsample_R2.fastqc.html
    jobid: 7
    reason: Missing output files: results/P4rep2subsample_R2.fastqc.html
    wildcards: sample=P4, number=2
    resources: tmpdir=/scratch


[Sun Feb  4 16:51:28 2024]
localrule fastqc:
    input: samples/P7rep2subsample_R2.fastq.gz
    output: results/P7rep2subsample_R2.fastqc.html
    jobid: 9
    reason: Missing output files: results/P7rep2subsample_R2.fastqc.html
    wildcards: sample=P7, number=2
    resources: tmpdir=/scratch

Waiting at most 5 seconds for missing files.
MissingOutputException in rule fastqc in file /projectnb/bf528/students/jawa/project-1-template-jawa23bio/week1.snake, line 13:
Job 5  completed successfully, but some output files are missing. Missing files after 5 seconds. This might be due to filesystem latency. If that is the case, consider to increase the wait time with --latency-wait:
results/P0rep2subsample_R2.fastqc.html
Waiting at most 5 seconds for missing files.
MissingOutputException in rule fastqc in file /projectnb/bf528/students/jawa/project-1-template-jawa23bio/week1.snake, line 13:
Job 8  completed successfully, but some output files are missing. Missing files after 5 seconds. This might be due to filesystem latency. If that is the case, consider to increase the wait time with --latency-wait:
results/P7rep1subsample_R1.fastqc.html
Waiting at most 5 seconds for missing files.
MissingOutputException in rule fastqc in file /projectnb/bf528/students/jawa/project-1-template-jawa23bio/week1.snake, line 13:
Job 4  completed successfully, but some output files are missing. Missing files after 5 seconds. This might be due to filesystem latency. If that is the case, consider to increase the wait time with --latency-wait:
results/P0rep1subsample_R1.fastqc.html
Waiting at most 5 seconds for missing files.
MissingOutputException in rule fastqc in file /projectnb/bf528/students/jawa/project-1-template-jawa23bio/week1.snake, line 13:
Job 2  completed successfully, but some output files are missing. Missing files after 5 seconds. This might be due to filesystem latency. If that is the case, consider to increase the wait time with --latency-wait:
results/ADrep1subsample_R1.fastqc.html
Waiting at most 5 seconds for missing files.
MissingOutputException in rule fastqc in file /projectnb/bf528/students/jawa/project-1-template-jawa23bio/week1.snake, line 13:
Job 3  completed successfully, but some output files are missing. Missing files after 5 seconds. This might be due to filesystem latency. If that is the case, consider to increase the wait time with --latency-wait:
results/ADrep2subsample_R2.fastqc.html
Waiting at most 5 seconds for missing files.
MissingOutputException in rule fastqc in file /projectnb/bf528/students/jawa/project-1-template-jawa23bio/week1.snake, line 13:
Job 7  completed successfully, but some output files are missing. Missing files after 5 seconds. This might be due to filesystem latency. If that is the case, consider to increase the wait time with --latency-wait:
results/P4rep2subsample_R2.fastqc.html
Waiting at most 5 seconds for missing files.
MissingOutputException in rule fastqc in file /projectnb/bf528/students/jawa/project-1-template-jawa23bio/week1.snake, line 13:
Job 9  completed successfully, but some output files are missing. Missing files after 5 seconds. This might be due to filesystem latency. If that is the case, consider to increase the wait time with --latency-wait:
results/P7rep2subsample_R2.fastqc.html
Waiting at most 5 seconds for missing files.
MissingOutputException in rule fastqc in file /projectnb/bf528/students/jawa/project-1-template-jawa23bio/week1.snake, line 13:
Job 6  completed successfully, but some output files are missing. Missing files after 5 seconds. This might be due to filesystem latency. If that is the case, consider to increase the wait time with --latency-wait:
results/P4rep1subsample_R1.fastqc.html
Shutting down, this might take some time.
Exiting because a job execution failed. Look above for error message
Complete log: .snakemake/log/2024-02-04T165128.612207.snakemake.log
WorkflowError:
At least one job did not complete successfully.
