Building DAG of jobs...
Using shell: /usr/bin/bash
Provided cores: 32
Rules claiming more threads will be scaled down.
Job stats:
job        count
-------  -------
all            1
multiqc        1
total          2

Select jobs to execute...
Execute 1 jobs...

[Sun Feb  4 19:18:05 2024]
localrule multiqc:
    input: results/ADrep1subsample_R1_fastqc.html, results/ADrep1subsample_R2_fastqc.html, results/ADrep2subsample_R1_fastqc.html, results/ADrep2subsample_R2_fastqc.html, results/P0rep1subsample_R1_fastqc.html, results/P0rep1subsample_R2_fastqc.html, results/P0rep2subsample_R1_fastqc.html, results/P0rep2subsample_R2_fastqc.html, results/P4rep1subsample_R1_fastqc.html, results/P4rep1subsample_R2_fastqc.html, results/P4rep2subsample_R1_fastqc.html, results/P4rep2subsample_R2_fastqc.html, results/P7rep1subsample_R1_fastqc.html, results/P7rep1subsample_R2_fastqc.html, results/P7rep2subsample_R1_fastqc.html, results/P7rep2subsample_R2_fastqc.html
    output: results/multiqc_report.html
    jobid: 1
    reason: Missing output files: results/multiqc_report.html
    resources: tmpdir=/scratch

[Sun Feb  4 19:18:08 2024]
Finished job 1.
1 of 2 steps (50%) done
Select jobs to execute...
Execute 1 jobs...

[Sun Feb  4 19:18:08 2024]
localrule all:
    input: results/multiqc_report.html
    jobid: 0
    reason: Input files updated by another job: results/multiqc_report.html
    resources: tmpdir=/scratch

[Sun Feb  4 19:18:08 2024]
Finished job 0.
2 of 2 steps (100%) done
Complete log: .snakemake/log/2024-02-04T191805.229235.snakemake.log
