Building DAG of jobs...
Using shell: /usr/bin/bash
Provided cores: 32
Rules claiming more threads will be scaled down.
Job stats:
job      count
-----  -------
all          1
star         3
total        4

Select jobs to execute...
Execute 3 jobs...

[Sun Feb 11 18:33:38 2024]
localrule star:
    input: samples/Sample_Fastq/ADrep1subsample_R1.fastq.gz, samples/m39_subset_star
    output: results/BAMResults/ADrep1subsample_R1Aligned.out.bam
    jobid: 1
    reason: Missing output files: results/BAMResults/ADrep1subsample_R1Aligned.out.bam
    wildcards: sample=ADrep1subsample_R1
    resources: tmpdir=/scratch/4450995.1.academic-gpu


[Sun Feb 11 18:33:38 2024]
localrule star:
    input: samples/Sample_Fastq/ADrep1subsample_R2.fastq.gz, samples/m39_subset_star
    output: results/BAMResults/ADrep1subsample_R2Aligned.out.bam
    jobid: 2
    reason: Missing output files: results/BAMResults/ADrep1subsample_R2Aligned.out.bam
    wildcards: sample=ADrep1subsample_R2
    resources: tmpdir=/scratch/4450995.1.academic-gpu


[Sun Feb 11 18:33:39 2024]
localrule star:
    input: samples/Sample_Fastq/P0rep1subsample_R2.fastq.gz, samples/m39_subset_star
    output: results/BAMResults/P0rep1subsample_R2Aligned.out.bam
    jobid: 3
    reason: Missing output files: results/BAMResults/P0rep1subsample_R2Aligned.out.bam
    wildcards: sample=P0rep1subsample_R2
    resources: tmpdir=/scratch/4450995.1.academic-gpu

[Sun Feb 11 18:33:41 2024]
Finished job 3.
1 of 4 steps (25%) done
[Sun Feb 11 18:33:41 2024]
Finished job 2.
2 of 4 steps (50%) done
[Sun Feb 11 18:33:41 2024]
Finished job 1.
3 of 4 steps (75%) done
Select jobs to execute...
Execute 1 jobs...

[Sun Feb 11 18:33:41 2024]
localrule all:
    input: results/BAMResults/ADrep1subsample_R1Aligned.out.bam, results/BAMResults/ADrep1subsample_R2Aligned.out.bam, results/BAMResults/P0rep1subsample_R2Aligned.out.bam
    jobid: 0
    reason: Input files updated by another job: results/BAMResults/ADrep1subsample_R1Aligned.out.bam, results/BAMResults/ADrep1subsample_R2Aligned.out.bam, results/BAMResults/P0rep1subsample_R2Aligned.out.bam
    resources: tmpdir=/scratch/4450995.1.academic-gpu

[Sun Feb 11 18:33:41 2024]
Finished job 0.
4 of 4 steps (100%) done
Complete log: .snakemake/log/2024-02-11T183338.859900.snakemake.log
