Building DAG of jobs...
Using shell: /usr/bin/bash
Provided cores: 32
Rules claiming more threads will be scaled down.
Job stats:
job      count
-----  -------
all          1
verse        8
total        9

Select jobs to execute...
Execute 8 jobs...

[Fri Feb 23 15:04:24 2024]
localrule verse:
    input: results/P4rep1subsample.Aligned.out.bam, results/m39_GA.gtf
    output: results/P4rep1subsample.exon.txt
    jobid: 5
    reason: Missing output files: results/P4rep1subsample.exon.txt
    wildcards: sample=P4rep1subsample
    resources: tmpdir=/scratch/4801441.1.academic-gpu


[Fri Feb 23 15:04:24 2024]
localrule verse:
    input: results/ADrep2subsample.Aligned.out.bam, results/m39_GA.gtf
    output: results/ADrep2subsample.exon.txt
    jobid: 2
    reason: Missing output files: results/ADrep2subsample.exon.txt
    wildcards: sample=ADrep2subsample
    resources: tmpdir=/scratch/4801441.1.academic-gpu


[Fri Feb 23 15:04:24 2024]
localrule verse:
    input: results/P7rep1subsample.Aligned.out.bam, results/m39_GA.gtf
    output: results/P7rep1subsample.exon.txt
    jobid: 7
    reason: Missing output files: results/P7rep1subsample.exon.txt
    wildcards: sample=P7rep1subsample
    resources: tmpdir=/scratch/4801441.1.academic-gpu


[Fri Feb 23 15:04:24 2024]
localrule verse:
    input: results/ADrep1subsample.Aligned.out.bam, results/m39_GA.gtf
    output: results/ADrep1subsample.exon.txt
    jobid: 1
    reason: Missing output files: results/ADrep1subsample.exon.txt
    wildcards: sample=ADrep1subsample
    resources: tmpdir=/scratch/4801441.1.academic-gpu


[Fri Feb 23 15:04:24 2024]
localrule verse:
    input: results/P0rep1subsample.Aligned.out.bam, results/m39_GA.gtf
    output: results/P0rep1subsample.exon.txt
    jobid: 3
    reason: Missing output files: results/P0rep1subsample.exon.txt
    wildcards: sample=P0rep1subsample
    resources: tmpdir=/scratch/4801441.1.academic-gpu


[Fri Feb 23 15:04:24 2024]
localrule verse:
    input: results/P0rep2subsample.Aligned.out.bam, results/m39_GA.gtf
    output: results/P0rep2subsample.exon.txt
    jobid: 4
    reason: Missing output files: results/P0rep2subsample.exon.txt
    wildcards: sample=P0rep2subsample
    resources: tmpdir=/scratch/4801441.1.academic-gpu


[Fri Feb 23 15:04:24 2024]
localrule verse:
    input: results/P4rep2subsample.Aligned.out.bam, results/m39_GA.gtf
    output: results/P4rep2subsample.exon.txt
    jobid: 6
    reason: Missing output files: results/P4rep2subsample.exon.txt
    wildcards: sample=P4rep2subsample
    resources: tmpdir=/scratch/4801441.1.academic-gpu


[Fri Feb 23 15:04:24 2024]
localrule verse:
    input: results/P7rep2subsample.Aligned.out.bam, results/m39_GA.gtf
    output: results/P7rep2subsample.exon.txt
    jobid: 8
    reason: Missing output files: results/P7rep2subsample.exon.txt
    wildcards: sample=P7rep2subsample
    resources: tmpdir=/scratch/4801441.1.academic-gpu

[Fri Feb 23 15:04:32 2024]
Finished job 3.
1 of 9 steps (11%) done
[Fri Feb 23 15:04:32 2024]
Finished job 2.
2 of 9 steps (22%) done
[Fri Feb 23 15:04:32 2024]
Finished job 5.
3 of 9 steps (33%) done
[Fri Feb 23 15:04:32 2024]
Finished job 4.
4 of 9 steps (44%) done
[Fri Feb 23 15:04:32 2024]
Finished job 6.
5 of 9 steps (56%) done
[Fri Feb 23 15:04:32 2024]
Finished job 8.
6 of 9 steps (67%) done
[Fri Feb 23 15:04:32 2024]
Finished job 1.
7 of 9 steps (78%) done
[Fri Feb 23 15:04:32 2024]
Finished job 7.
8 of 9 steps (89%) done
Select jobs to execute...
Execute 1 jobs...

[Fri Feb 23 15:04:32 2024]
localrule all:
    input: results/ADrep1subsample.exon.txt, results/ADrep2subsample.exon.txt, results/P0rep1subsample.exon.txt, results/P0rep2subsample.exon.txt, results/P4rep1subsample.exon.txt, results/P4rep2subsample.exon.txt, results/P7rep1subsample.exon.txt, results/P7rep2subsample.exon.txt
    jobid: 0
    reason: Input files updated by another job: results/ADrep2subsample.exon.txt, results/P0rep2subsample.exon.txt, results/P4rep2subsample.exon.txt, results/P7rep1subsample.exon.txt, results/P0rep1subsample.exon.txt, results/ADrep1subsample.exon.txt, results/P4rep1subsample.exon.txt, results/P7rep2subsample.exon.txt
    resources: tmpdir=/scratch/4801441.1.academic-gpu

[Fri Feb 23 15:04:32 2024]
Finished job 0.
9 of 9 steps (100%) done
Complete log: .snakemake/log/2024-02-23T150424.123359.snakemake.log
