Building DAG of jobs...
Using shell: /usr/bin/bash
Provided cores: 32
Rules claiming more threads will be scaled down.
Job stats:
job      count
-----  -------
all          1
star         3
total        4

Select jobs to execute...
Execute 3 jobs...

[Sun Feb 11 18:28:34 2024]
localrule star:
    input: samples/Sample_Fastq/ADrep1subsample_R1.fastq.gz, samples/m39_subset_star
    output: results/BAMResults/ADrep1subsample_R1.Aligned.out.bam
    jobid: 1
    reason: Missing output files: results/BAMResults/ADrep1subsample_R1.Aligned.out.bam
    wildcards: sample=ADrep1subsample_R1
    resources: tmpdir=/scratch/4450995.1.academic-gpu


[Sun Feb 11 18:28:34 2024]
localrule star:
    input: samples/Sample_Fastq/ADrep1subsample_R2.fastq.gz, samples/m39_subset_star
    output: results/BAMResults/ADrep1subsample_R2.Aligned.out.bam
    jobid: 2
    reason: Missing output files: results/BAMResults/ADrep1subsample_R2.Aligned.out.bam
    wildcards: sample=ADrep1subsample_R2
    resources: tmpdir=/scratch/4450995.1.academic-gpu


[Sun Feb 11 18:28:34 2024]
localrule star:
    input: samples/Sample_Fastq/P0rep1subsample_R2.fastq.gz, samples/m39_subset_star
    output: results/BAMResults/P0rep1subsample_R2.Aligned.out.bam
    jobid: 3
    reason: Missing output files: results/BAMResults/P0rep1subsample_R2.Aligned.out.bam
    wildcards: sample=P0rep1subsample_R2
    resources: tmpdir=/scratch/4450995.1.academic-gpu

Waiting at most 5 seconds for missing files.
MissingOutputException in rule star in file /projectnb/bf528/students/jawa/project-1-template-jawa23bio/snake_check, line 8:
Job 3  completed successfully, but some output files are missing. Missing files after 5 seconds. This might be due to filesystem latency. If that is the case, consider to increase the wait time with --latency-wait:
results/BAMResults/P0rep1subsample_R2.Aligned.out.bam
Waiting at most 5 seconds for missing files.
MissingOutputException in rule star in file /projectnb/bf528/students/jawa/project-1-template-jawa23bio/snake_check, line 8:
Job 1  completed successfully, but some output files are missing. Missing files after 5 seconds. This might be due to filesystem latency. If that is the case, consider to increase the wait time with --latency-wait:
results/BAMResults/ADrep1subsample_R1.Aligned.out.bam
Waiting at most 5 seconds for missing files.
MissingOutputException in rule star in file /projectnb/bf528/students/jawa/project-1-template-jawa23bio/snake_check, line 8:
Job 2  completed successfully, but some output files are missing. Missing files after 5 seconds. This might be due to filesystem latency. If that is the case, consider to increase the wait time with --latency-wait:
results/BAMResults/ADrep1subsample_R2.Aligned.out.bam
Shutting down, this might take some time.
Exiting because a job execution failed. Look above for error message
Complete log: .snakemake/log/2024-02-11T182834.537568.snakemake.log
WorkflowError:
At least one job did not complete successfully.
