Building DAG of jobs...
Using shell: /usr/bin/bash
Provided cores: 32
Rules claiming more threads will be scaled down.
Job stats:
job                  count
-----------------  -------
all                      1
samtools_flagstat       16
star                    16
total                   33

Select jobs to execute...
Execute 16 jobs...

[Mon Feb 12 09:55:54 2024]
localrule star:
    input: samples/P0rep1subsample_R1.fastq.gz, samples/m39_subset_star
    output: results/P0rep1subsample_R1Aligned.out.bam
    jobid: 5
    reason: Updated input files: samples/m39_subset_star
    wildcards: sample=P0rep, rep=1, number=1
    resources: tmpdir=/scratch/4456235.1.academic-gpu


[Mon Feb 12 09:55:54 2024]
localrule star:
    input: samples/P0rep2subsample_R1.fastq.gz, samples/m39_subset_star
    output: results/P0rep2subsample_R1Aligned.out.bam
    jobid: 7
    reason: Updated input files: samples/m39_subset_star
    wildcards: sample=P0rep, rep=2, number=1
    resources: tmpdir=/scratch/4456235.1.academic-gpu


[Mon Feb 12 09:55:54 2024]
localrule star:
    input: samples/ADrep2subsample_R1.fastq.gz, samples/m39_subset_star
    output: results/ADrep2subsample_R1Aligned.out.bam
    jobid: 3
    reason: Updated input files: samples/m39_subset_star
    wildcards: sample=ADrep, rep=2, number=1
    resources: tmpdir=/scratch/4456235.1.academic-gpu


[Mon Feb 12 09:55:54 2024]
localrule star:
    input: samples/P4rep2subsample_R1.fastq.gz, samples/m39_subset_star
    output: results/P4rep2subsample_R1Aligned.out.bam
    jobid: 11
    reason: Updated input files: samples/m39_subset_star
    wildcards: sample=P4rep, rep=2, number=1
    resources: tmpdir=/scratch/4456235.1.academic-gpu


[Mon Feb 12 09:55:54 2024]
localrule star:
    input: samples/P7rep1subsample_R1.fastq.gz, samples/m39_subset_star
    output: results/P7rep1subsample_R1Aligned.out.bam
    jobid: 13
    reason: Updated input files: samples/m39_subset_star
    wildcards: sample=P7rep, rep=1, number=1
    resources: tmpdir=/scratch/4456235.1.academic-gpu


[Mon Feb 12 09:55:54 2024]
localrule star:
    input: samples/P7rep2subsample_R1.fastq.gz, samples/m39_subset_star
    output: results/P7rep2subsample_R1Aligned.out.bam
    jobid: 15
    reason: Updated input files: samples/m39_subset_star
    wildcards: sample=P7rep, rep=2, number=1
    resources: tmpdir=/scratch/4456235.1.academic-gpu


[Mon Feb 12 09:55:54 2024]
localrule star:
    input: samples/ADrep1subsample_R1.fastq.gz, samples/m39_subset_star
    output: results/ADrep1subsample_R1Aligned.out.bam
    jobid: 1
    reason: Missing output files: results/ADrep1subsample_R1Aligned.out.bam
    wildcards: sample=ADrep, rep=1, number=1
    resources: tmpdir=/scratch/4456235.1.academic-gpu


[Mon Feb 12 09:55:54 2024]
localrule star:
    input: samples/ADrep1subsample_R2.fastq.gz, samples/m39_subset_star
    output: results/ADrep1subsample_R2Aligned.out.bam
    jobid: 2
    reason: Updated input files: samples/m39_subset_star
    wildcards: sample=ADrep, rep=1, number=2
    resources: tmpdir=/scratch/4456235.1.academic-gpu


[Mon Feb 12 09:55:54 2024]
localrule star:
    input: samples/P4rep1subsample_R1.fastq.gz, samples/m39_subset_star
    output: results/P4rep1subsample_R1Aligned.out.bam
    jobid: 9
    reason: Updated input files: samples/m39_subset_star
    wildcards: sample=P4rep, rep=1, number=1
    resources: tmpdir=/scratch/4456235.1.academic-gpu


[Mon Feb 12 09:55:54 2024]
localrule star:
    input: samples/ADrep2subsample_R2.fastq.gz, samples/m39_subset_star
    output: results/ADrep2subsample_R2Aligned.out.bam
    jobid: 4
    reason: Updated input files: samples/m39_subset_star
    wildcards: sample=ADrep, rep=2, number=2
    resources: tmpdir=/scratch/4456235.1.academic-gpu


[Mon Feb 12 09:55:54 2024]
localrule star:
    input: samples/P4rep2subsample_R2.fastq.gz, samples/m39_subset_star
    output: results/P4rep2subsample_R2Aligned.out.bam
    jobid: 12
    reason: Updated input files: samples/m39_subset_star
    wildcards: sample=P4rep, rep=2, number=2
    resources: tmpdir=/scratch/4456235.1.academic-gpu


[Mon Feb 12 09:55:54 2024]
localrule star:
    input: samples/P0rep1subsample_R2.fastq.gz, samples/m39_subset_star
    output: results/P0rep1subsample_R2Aligned.out.bam
    jobid: 6
    reason: Updated input files: samples/m39_subset_star
    wildcards: sample=P0rep, rep=1, number=2
    resources: tmpdir=/scratch/4456235.1.academic-gpu


[Mon Feb 12 09:55:54 2024]
localrule star:
    input: samples/P7rep1subsample_R2.fastq.gz, samples/m39_subset_star
    output: results/P7rep1subsample_R2Aligned.out.bam
    jobid: 14
    reason: Updated input files: samples/m39_subset_star
    wildcards: sample=P7rep, rep=1, number=2
    resources: tmpdir=/scratch/4456235.1.academic-gpu


[Mon Feb 12 09:55:54 2024]
localrule star:
    input: samples/P0rep2subsample_R2.fastq.gz, samples/m39_subset_star
    output: results/P0rep2subsample_R2Aligned.out.bam
    jobid: 8
    reason: Updated input files: samples/m39_subset_star
    wildcards: sample=P0rep, rep=2, number=2
    resources: tmpdir=/scratch/4456235.1.academic-gpu

[Mon Feb 12 09:55:54 2024]
Error in rule star:
    jobid: 5
    input: samples/P0rep1subsample_R1.fastq.gz, samples/m39_subset_star
    output: results/P0rep1subsample_R1Aligned.out.bam
    shell:
        
		STAR --genomeDir samples/m39_subset_star/ --readFilesCommand zcat --readFilesIn samples/P0rep1subsample_R1.fastq.gz --outSAMtype BAM Unsorted --outFileNamePrefix results//P0rep1subsample_R1
		
        (one of the commands exited with non-zero exit code; note that snakemake uses bash strict mode!)

[Mon Feb 12 09:55:54 2024]
Error in rule star:
    jobid: 7
    input: samples/P0rep2subsample_R1.fastq.gz, samples/m39_subset_star
    output: results/P0rep2subsample_R1Aligned.out.bam
    shell:
        
		STAR --genomeDir samples/m39_subset_star/ --readFilesCommand zcat --readFilesIn samples/P0rep2subsample_R1.fastq.gz --outSAMtype BAM Unsorted --outFileNamePrefix results//P0rep2subsample_R1
		
        (one of the commands exited with non-zero exit code; note that snakemake uses bash strict mode!)


[Mon Feb 12 09:55:54 2024]
localrule star:
    input: samples/P7rep2subsample_R2.fastq.gz, samples/m39_subset_star
    output: results/P7rep2subsample_R2Aligned.out.bam
    jobid: 16
    reason: Updated input files: samples/m39_subset_star
    wildcards: sample=P7rep, rep=2, number=2
    resources: tmpdir=/scratch/4456235.1.academic-gpu

[Mon Feb 12 09:55:54 2024]
Error in rule star:
    jobid: 3
    input: samples/ADrep2subsample_R1.fastq.gz, samples/m39_subset_star
    output: results/ADrep2subsample_R1Aligned.out.bam
    shell:
        
		STAR --genomeDir samples/m39_subset_star/ --readFilesCommand zcat --readFilesIn samples/ADrep2subsample_R1.fastq.gz --outSAMtype BAM Unsorted --outFileNamePrefix results//ADrep2subsample_R1
		
        (one of the commands exited with non-zero exit code; note that snakemake uses bash strict mode!)

[Mon Feb 12 09:55:54 2024]
Error in rule star:
    jobid: 11
    input: samples/P4rep2subsample_R1.fastq.gz, samples/m39_subset_star
    output: results/P4rep2subsample_R1Aligned.out.bam
    shell:
        
		STAR --genomeDir samples/m39_subset_star/ --readFilesCommand zcat --readFilesIn samples/P4rep2subsample_R1.fastq.gz --outSAMtype BAM Unsorted --outFileNamePrefix results//P4rep2subsample_R1
		
        (one of the commands exited with non-zero exit code; note that snakemake uses bash strict mode!)


[Mon Feb 12 09:55:54 2024]
localrule star:
    input: samples/P4rep1subsample_R2.fastq.gz, samples/m39_subset_star
    output: results/P4rep1subsample_R2Aligned.out.bam
    jobid: 10
    reason: Updated input files: samples/m39_subset_star
    wildcards: sample=P4rep, rep=1, number=2
    resources: tmpdir=/scratch/4456235.1.academic-gpu

[Mon Feb 12 09:55:54 2024]
Error in rule star:
    jobid: 13
    input: samples/P7rep1subsample_R1.fastq.gz, samples/m39_subset_star
    output: results/P7rep1subsample_R1Aligned.out.bam
    shell:
        
		STAR --genomeDir samples/m39_subset_star/ --readFilesCommand zcat --readFilesIn samples/P7rep1subsample_R1.fastq.gz --outSAMtype BAM Unsorted --outFileNamePrefix results//P7rep1subsample_R1
		
        (one of the commands exited with non-zero exit code; note that snakemake uses bash strict mode!)

Removing output files of failed job star since they might be corrupted:
results/P0rep1subsample_R1Aligned.out.bam
Removing output files of failed job star since they might be corrupted:
results/P0rep2subsample_R1Aligned.out.bam
[Mon Feb 12 09:55:54 2024]
Removing output files of failed job star since they might be corrupted:
results/ADrep2subsample_R1Aligned.out.bam
Error in rule star:
    jobid: 9
    input: samples/P4rep1subsample_R1.fastq.gz, samples/m39_subset_star
    output: results/P4rep1subsample_R1Aligned.out.bam
    shell:
        
		STAR --genomeDir samples/m39_subset_star/ --readFilesCommand zcat --readFilesIn samples/P4rep1subsample_R1.fastq.gz --outSAMtype BAM Unsorted --outFileNamePrefix results//P4rep1subsample_R1
		
        (one of the commands exited with non-zero exit code; note that snakemake uses bash strict mode!)

[Mon Feb 12 09:55:54 2024]
Error in rule star:
    jobid: 15
    input: samples/P7rep2subsample_R1.fastq.gz, samples/m39_subset_star
    output: results/P7rep2subsample_R1Aligned.out.bam
    shell:
        
		STAR --genomeDir samples/m39_subset_star/ --readFilesCommand zcat --readFilesIn samples/P7rep2subsample_R1.fastq.gz --outSAMtype BAM Unsorted --outFileNamePrefix results//P7rep2subsample_R1
		
        (one of the commands exited with non-zero exit code; note that snakemake uses bash strict mode!)

[Mon Feb 12 09:55:54 2024]
Error in rule star:
    jobid: 1
    input: samples/ADrep1subsample_R1.fastq.gz, samples/m39_subset_star
    output: results/ADrep1subsample_R1Aligned.out.bam
    shell:
        
		STAR --genomeDir samples/m39_subset_star/ --readFilesCommand zcat --readFilesIn samples/ADrep1subsample_R1.fastq.gz --outSAMtype BAM Unsorted --outFileNamePrefix results//ADrep1subsample_R1
		
        (one of the commands exited with non-zero exit code; note that snakemake uses bash strict mode!)

Removing output files of failed job star since they might be corrupted:
results/P4rep2subsample_R1Aligned.out.bam
Removing output files of failed job star since they might be corrupted:
results/P7rep1subsample_R1Aligned.out.bam
[Mon Feb 12 09:55:54 2024]
Error in rule star:
    jobid: 12
    input: samples/P4rep2subsample_R2.fastq.gz, samples/m39_subset_star
    output: results/P4rep2subsample_R2Aligned.out.bam
    shell:
        
		STAR --genomeDir samples/m39_subset_star/ --readFilesCommand zcat --readFilesIn samples/P4rep2subsample_R2.fastq.gz --outSAMtype BAM Unsorted --outFileNamePrefix results//P4rep2subsample_R2
		
        (one of the commands exited with non-zero exit code; note that snakemake uses bash strict mode!)

Removing output files of failed job star since they might be corrupted:
results/P4rep1subsample_R1Aligned.out.bam
[Mon Feb 12 09:55:54 2024]
Error in rule star:
    jobid: 2
    input: samples/ADrep1subsample_R2.fastq.gz, samples/m39_subset_star
    output: results/ADrep1subsample_R2Aligned.out.bam
    shell:
        
		STAR --genomeDir samples/m39_subset_star/ --readFilesCommand zcat --readFilesIn samples/ADrep1subsample_R2.fastq.gz --outSAMtype BAM Unsorted --outFileNamePrefix results//ADrep1subsample_R2
		
        (one of the commands exited with non-zero exit code; note that snakemake uses bash strict mode!)

[Mon Feb 12 09:55:54 2024]
Error in rule star:
    jobid: 6
    input: samples/P0rep1subsample_R2.fastq.gz, samples/m39_subset_star
    output: results/P0rep1subsample_R2Aligned.out.bam
    shell:
        
		STAR --genomeDir samples/m39_subset_star/ --readFilesCommand zcat --readFilesIn samples/P0rep1subsample_R2.fastq.gz --outSAMtype BAM Unsorted --outFileNamePrefix results//P0rep1subsample_R2
		
        (one of the commands exited with non-zero exit code; note that snakemake uses bash strict mode!)

Removing output files of failed job star since they might be corrupted:
results/P7rep2subsample_R1Aligned.out.bam
[Mon Feb 12 09:55:54 2024]
Error in rule star:
    jobid: 4
    input: samples/ADrep2subsample_R2.fastq.gz, samples/m39_subset_star
    output: results/ADrep2subsample_R2Aligned.out.bam
    shell:
        
		STAR --genomeDir samples/m39_subset_star/ --readFilesCommand zcat --readFilesIn samples/ADrep2subsample_R2.fastq.gz --outSAMtype BAM Unsorted --outFileNamePrefix results//ADrep2subsample_R2
		
        (one of the commands exited with non-zero exit code; note that snakemake uses bash strict mode!)

[Mon Feb 12 09:55:54 2024]
Error in rule star:
    jobid: 14
    input: samples/P7rep1subsample_R2.fastq.gz, samples/m39_subset_star
    output: results/P7rep1subsample_R2Aligned.out.bam
    shell:
        
		STAR --genomeDir samples/m39_subset_star/ --readFilesCommand zcat --readFilesIn samples/P7rep1subsample_R2.fastq.gz --outSAMtype BAM Unsorted --outFileNamePrefix results//P7rep1subsample_R2
		
        (one of the commands exited with non-zero exit code; note that snakemake uses bash strict mode!)

Removing output files of failed job star since they might be corrupted:
results/ADrep1subsample_R1Aligned.out.bam
[Mon Feb 12 09:55:54 2024]
Error in rule star:
    jobid: 8
    input: samples/P0rep2subsample_R2.fastq.gz, samples/m39_subset_star
    output: results/P0rep2subsample_R2Aligned.out.bam
    shell:
        
		STAR --genomeDir samples/m39_subset_star/ --readFilesCommand zcat --readFilesIn samples/P0rep2subsample_R2.fastq.gz --outSAMtype BAM Unsorted --outFileNamePrefix results//P0rep2subsample_R2
		
        (one of the commands exited with non-zero exit code; note that snakemake uses bash strict mode!)

Removing output files of failed job star since they might be corrupted:
results/P4rep2subsample_R2Aligned.out.bam
Removing output files of failed job star since they might be corrupted:
results/ADrep1subsample_R2Aligned.out.bam
Removing output files of failed job star since they might be corrupted:
results/P0rep1subsample_R2Aligned.out.bam
Removing output files of failed job star since they might be corrupted:
results/ADrep2subsample_R2Aligned.out.bam
Removing output files of failed job star since they might be corrupted:
results/P7rep1subsample_R2Aligned.out.bam
[Mon Feb 12 09:55:54 2024]
Error in rule star:
    jobid: 16
    input: samples/P7rep2subsample_R2.fastq.gz, samples/m39_subset_star
    output: results/P7rep2subsample_R2Aligned.out.bam
    shell:
        
		STAR --genomeDir samples/m39_subset_star/ --readFilesCommand zcat --readFilesIn samples/P7rep2subsample_R2.fastq.gz --outSAMtype BAM Unsorted --outFileNamePrefix results//P7rep2subsample_R2
		
        (one of the commands exited with non-zero exit code; note that snakemake uses bash strict mode!)

Removing output files of failed job star since they might be corrupted:
results/P7rep2subsample_R2Aligned.out.bam
Removing output files of failed job star since they might be corrupted:
results/P0rep2subsample_R2Aligned.out.bam
[Mon Feb 12 09:55:54 2024]
Error in rule star:
    jobid: 10
    input: samples/P4rep1subsample_R2.fastq.gz, samples/m39_subset_star
    output: results/P4rep1subsample_R2Aligned.out.bam
    shell:
        
		STAR --genomeDir samples/m39_subset_star/ --readFilesCommand zcat --readFilesIn samples/P4rep1subsample_R2.fastq.gz --outSAMtype BAM Unsorted --outFileNamePrefix results//P4rep1subsample_R2
		
        (one of the commands exited with non-zero exit code; note that snakemake uses bash strict mode!)

Removing output files of failed job star since they might be corrupted:
results/P4rep1subsample_R2Aligned.out.bam
Shutting down, this might take some time.
Exiting because a job execution failed. Look above for error message
Complete log: .snakemake/log/2024-02-12T095553.246912.snakemake.log
WorkflowError:
At least one job did not complete successfully.
