Building DAG of jobs...
Using shell: /usr/bin/bash
Provided cores: 32
Rules claiming more threads will be scaled down.
Job stats:
job              count
-------------  -------
all                  1
filter_counts        1
total                2

Select jobs to execute...
Execute 1 jobs...

[Fri Feb 23 23:09:11 2024]
localrule filter_counts:
    input: results/matrix.csv
    output: results/filtered_counts_matrix.csv
    jobid: 11
    reason: Missing output files: results/filtered_counts_matrix.csv
    resources: tmpdir=/scratch/4801441.1.academic-gpu


        python filter_cts_mat.py -i results/matrix.csv -o results/filtered_counts_matrix.csv
        
[Fri Feb 23 23:09:12 2024]
Finished job 11.
1 of 2 steps (50%) done
Select jobs to execute...
Execute 1 jobs...

[Fri Feb 23 23:09:12 2024]
localrule all:
    input: results/ADrep1subsample.exon.txt, results/ADrep2subsample.exon.txt, results/P0rep1subsample.exon.txt, results/P0rep2subsample.exon.txt, results/P4rep1subsample.exon.txt, results/P4rep2subsample.exon.txt, results/P7rep1subsample.exon.txt, results/P7rep2subsample.exon.txt, results/matrix.csv, results/genemap.csv, results/filtered_counts_matrix.csv
    jobid: 0
    reason: Input files updated by another job: results/filtered_counts_matrix.csv
    resources: tmpdir=/scratch/4801441.1.academic-gpu

[Fri Feb 23 23:09:12 2024]
Finished job 0.
2 of 2 steps (100%) done
Complete log: .snakemake/log/2024-02-23T230910.986779.snakemake.log
